{
  "uid" : "26e3a70410ec4e80",
  "name" : "[1] android",
  "fullName" : "jp.shiftinc.automation.trial.TestMobileApp.imageSelectorTest",
  "historyId" : "14c28b3167ba00fe4c5fb5445adfcc9b",
  "time" : {
    "start" : 1618075334154,
    "stop" : 1618075414827,
    "duration" : 80673
  },
  "description" : "",
  "status" : "broken",
  "statusMessage" : "An unknown server-side error occurred while processing the command. Original error: 'opencv4nodejs' module is required to use OpenCV features. Please install it first ('npm i -g opencv4nodejs') and restart Appium. Read https://github.com/justadudewhohacks/opencv4nodejs#how-to-install for more details on this topic.\nBuild info: version: '3.141.59', revision: 'e82be7d358', time: '2018-11-14T08:17:03'\nSystem info: host: 'Mac-1618074638808.local', ip: '10.212.9.34', os.name: 'Mac OS X', os.arch: 'x86_64', os.version: '10.15.7', java.version: '1.8.0_282'\nDriver info: io.appium.java_client.AppiumDriver\nCapabilities {app: sut_app/app/racinesut.apk, appPackage: jp.shiftinc.automation.racine, automationName: UiAutomator2, databaseEnabled: false, desired: {app: sut_app/app/racinesut.apk, automationName: UiAutomator2, deviceName: Android Emulator, newCommandTimeout: 1000, platformName: android, platformVersion: 9.0}, deviceApiLevel: 28, deviceManufacturer: unknown, deviceModel: Android SDK built for x86, deviceName: emulator-5554, deviceScreenDensity: 160, deviceScreenSize: 320x640, deviceUDID: emulator-5554, javascriptEnabled: true, locationContextEnabled: false, networkConnectionEnabled: true, newCommandTimeout: 1000, pixelRatio: 1, platform: LINUX, platformName: Android, platformVersion: 9, statBarHeight: 24, takesScreenshot: true, viewportRect: {height: 616, left: 0, top: 24, width: 320}, warnings: {}, webStorageEnabled: false}\nSession ID: 0efa6f24-f172-46b2-b907-5acb91775a69\n*** Element info: {Using=-image, value=iVBORw0KGgoAAAANSUhEUgAAAN4AAAAnCAIAAADvmGExAAADm0lEQVR42u2dWUhUURjHfREk6CEiJAgxiiQMWyBMUxJDWjAwaFPTSLCiosJMSRCxh8ogqIzC6sUWxQgMlMQ0DHHJJZcyHXVGZ3Guy+iMo87cmTt3rn2DUHpnUcegqfkffg/Oufeecz38POf7zhH1mUVB8cjigyFA8VA1e3yCAPAooCaAmgBATQA1AYCaAGoCADUBgJoAagIANT0FiV+I9tEr5aFUDAXU/JvoCko0Ofm/PtLX+uLysZv32aZODA7UXCm9q3dJfINd3+CwXrpxv8CayMXfNYHRvEYrj0hg237I95xYtOv+9RHGxo6Ry7cWVG7Yx7Z8H7mYCyO9XU3Dp0bXv/DCtnY5fHD6ffUsz6tPpSkiE+dQxZ6neXTo+NWl9GtTsL3bamCZ5Mz59X1rQ2c+1s8Kgjb/NaT0ajXJA1KESclyiLGhnW3+Zv+UOj6N7LH3WLDw8rCTi3Y6FHfJohrmx3WqIxcchwpPi6n9mar6fv9w0SXZlgOyzTFQ0wvUrKybqW5wdnWqtMo+cCQ5OCVD1ooiAcPnZm5Atchk6R+ue1JEBhvr22RbD7u4czTtrmAyj98pEL/Su0p9UTnUhJpiNaUBUeYeGalJkeWC+sBowcxpH7501hSt1BP3XvBaPY3ydFnNUt5NHioOWGkin7VaReEp1ISaQcqYs5yCobWYch3RnZrcx7QED+48Kt5O8g2m6FP/poyWb4osJwtLrZNTtF678aoUKtCzNGsi1oSaYjWNdV9NnRJa0MXZekAUmTdTUStelK/d5scmaFgtI+Oko3STLUakLN4NNeV746kRTqbsWxcGNaGmWM3eVdv71ux2cFvJB+u0YWBbrKh+cEccTXKUM82PSt1Qk0nK4CcmObmaGkSGDjWdpkEihlOzKf4bz3u+xB6XpaYs6CAFA9Q+29rlOm2CmlBz4S7S6RsCazLUtkj8Qv6smhRZUmAqGFmKULUPCl2fC0DN/3Nfc5Etd0f7mnP5Dc2UgoWnG+x3H91Wk0nOpJ8Hi3rUtktq5mjKtA9toaZ3nAbVNNm23JMyHGL80uHwNIgumbullJJPva1wdpLpVE2tXvesxKmaKVmUhlNGNZqeJ9qfgpre9W2rE65TmuL02ObYFebMgoNERWQip2BopDipQp2Y7kaPtpN3l3vm3rx2Q80VocnJHz6XjXGAmgBqQk0ANQGAmgBqAgA1AdQEAGoCADXBP6km/mY4Cv7NAArKMspPZgxh+qBTJZoAAAAASUVORK5CYII=}",
  "statusTrace" : "org.openqa.selenium.WebDriverException: An unknown server-side error occurred while processing the command. Original error: 'opencv4nodejs' module is required to use OpenCV features. Please install it first ('npm i -g opencv4nodejs') and restart Appium. Read https://github.com/justadudewhohacks/opencv4nodejs#how-to-install for more details on this topic.\nBuild info: version: '3.141.59', revision: 'e82be7d358', time: '2018-11-14T08:17:03'\nSystem info: host: 'Mac-1618074638808.local', ip: '10.212.9.34', os.name: 'Mac OS X', os.arch: 'x86_64', os.version: '10.15.7', java.version: '1.8.0_282'\nDriver info: io.appium.java_client.AppiumDriver\nCapabilities {app: sut_app/app/racinesut.apk, appPackage: jp.shiftinc.automation.racine, automationName: UiAutomator2, databaseEnabled: false, desired: {app: sut_app/app/racinesut.apk, automationName: UiAutomator2, deviceName: Android Emulator, newCommandTimeout: 1000, platformName: android, platformVersion: 9.0}, deviceApiLevel: 28, deviceManufacturer: unknown, deviceModel: Android SDK built for x86, deviceName: emulator-5554, deviceScreenDensity: 160, deviceScreenSize: 320x640, deviceUDID: emulator-5554, javascriptEnabled: true, locationContextEnabled: false, networkConnectionEnabled: true, newCommandTimeout: 1000, pixelRatio: 1, platform: LINUX, platformName: Android, platformVersion: 9, statBarHeight: 24, takesScreenshot: true, viewportRect: {height: 616, left: 0, top: 24, width: 320}, warnings: {}, webStorageEnabled: false}\nSession ID: 0efa6f24-f172-46b2-b907-5acb91775a69\n*** Element info: {Using=-image, value=iVBORw0KGgoAAAANSUhEUgAAAN4AAAAnCAIAAADvmGExAAADm0lEQVR42u2dWUhUURjHfREk6CEiJAgxiiQMWyBMUxJDWjAwaFPTSLCiosJMSRCxh8ogqIzC6sUWxQgMlMQ0DHHJJZcyHXVGZ3Guy+iMo87cmTt3rn2DUHpnUcegqfkffg/Oufeecz38POf7zhH1mUVB8cjigyFA8VA1e3yCAPAooCaAmgBATQA1AYCaAGoCADUBgJoAagIANT0FiV+I9tEr5aFUDAXU/JvoCko0Ofm/PtLX+uLysZv32aZODA7UXCm9q3dJfINd3+CwXrpxv8CayMXfNYHRvEYrj0hg237I95xYtOv+9RHGxo6Ry7cWVG7Yx7Z8H7mYCyO9XU3Dp0bXv/DCtnY5fHD6ffUsz6tPpSkiE+dQxZ6neXTo+NWl9GtTsL3bamCZ5Mz59X1rQ2c+1s8Kgjb/NaT0ajXJA1KESclyiLGhnW3+Zv+UOj6N7LH3WLDw8rCTi3Y6FHfJohrmx3WqIxcchwpPi6n9mar6fv9w0SXZlgOyzTFQ0wvUrKybqW5wdnWqtMo+cCQ5OCVD1ooiAcPnZm5Atchk6R+ue1JEBhvr22RbD7u4czTtrmAyj98pEL/Su0p9UTnUhJpiNaUBUeYeGalJkeWC+sBowcxpH7501hSt1BP3XvBaPY3ydFnNUt5NHioOWGkin7VaReEp1ISaQcqYs5yCobWYch3RnZrcx7QED+48Kt5O8g2m6FP/poyWb4osJwtLrZNTtF678aoUKtCzNGsi1oSaYjWNdV9NnRJa0MXZekAUmTdTUStelK/d5scmaFgtI+Oko3STLUakLN4NNeV746kRTqbsWxcGNaGmWM3eVdv71ux2cFvJB+u0YWBbrKh+cEccTXKUM82PSt1Qk0nK4CcmObmaGkSGDjWdpkEihlOzKf4bz3u+xB6XpaYs6CAFA9Q+29rlOm2CmlBz4S7S6RsCazLUtkj8Qv6smhRZUmAqGFmKULUPCl2fC0DN/3Nfc5Etd0f7mnP5Dc2UgoWnG+x3H91Wk0nOpJ8Hi3rUtktq5mjKtA9toaZ3nAbVNNm23JMyHGL80uHwNIgumbullJJPva1wdpLpVE2tXvesxKmaKVmUhlNGNZqeJ9qfgpre9W2rE65TmuL02ObYFebMgoNERWQip2BopDipQp2Y7kaPtpN3l3vm3rx2Q80VocnJHz6XjXGAmgBqQk0ANQGAmgBqAgA1AdQEAGoCADXBP6km/mY4Cv7NAArKMspPZgxh+qBTJZoAAAAASUVORK5CYII=}\n\tat sun.reflect.NativeConstructorAccessorImpl.newInstance0(Native Method)\n\tat sun.reflect.NativeConstructorAccessorImpl.newInstance(NativeConstructorAccessorImpl.java:62)\n\tat sun.reflect.DelegatingConstructorAccessorImpl.newInstance(DelegatingConstructorAccessorImpl.java:45)\n\tat java.lang.reflect.Constructor.newInstance(Constructor.java:423)\n\tat org.openqa.selenium.remote.http.W3CHttpResponseCodec.createException(W3CHttpResponseCodec.java:187)\n\tat org.openqa.selenium.remote.http.W3CHttpResponseCodec.decode(W3CHttpResponseCodec.java:122)\n\tat org.openqa.selenium.remote.http.W3CHttpResponseCodec.decode(W3CHttpResponseCodec.java:49)\n\tat org.openqa.selenium.remote.HttpCommandExecutor.execute(HttpCommandExecutor.java:158)\n\tat io.appium.java_client.remote.AppiumCommandExecutor.execute(AppiumCommandExecutor.java:247)\n\tat org.openqa.selenium.remote.RemoteWebDriver.execute(RemoteWebDriver.java:552)\n\tat io.appium.java_client.DefaultGenericMobileDriver.execute(DefaultGenericMobileDriver.java:41)\n\tat io.appium.java_client.AppiumDriver.execute(AppiumDriver.java:1)\n\tat org.openqa.selenium.remote.RemoteWebDriver.findElement(RemoteWebDriver.java:323)\n\tat io.appium.java_client.DefaultGenericMobileDriver.findElement(DefaultGenericMobileDriver.java:61)\n\tat io.appium.java_client.AppiumDriver.findElement(AppiumDriver.java:1)\n\tat io.appium.java_client.FindsByImage.findElementByImage(FindsByImage.java:42)\n\tat jp.shiftinc.automation.trial.TestMobileApp.imageSelectorTest(TestMobileApp.java:62)\n\tat sun.reflect.NativeMethodAccessorImpl.invoke0(Native Method)\n\tat sun.reflect.NativeMethodAccessorImpl.invoke(NativeMethodAccessorImpl.java:62)\n\tat sun.reflect.DelegatingMethodAccessorImpl.invoke(DelegatingMethodAccessorImpl.java:43)\n\tat java.lang.reflect.Method.invoke(Method.java:498)\n\tat org.junit.platform.commons.util.ReflectionUtils.invokeMethod(ReflectionUtils.java:688)\n\tat org.junit.jupiter.engine.execution.MethodInvocation.proceed(MethodInvocation.java:60)\n\tat org.junit.jupiter.engine.execution.InvocationInterceptorChain$ValidatingInvocation.proceed(InvocationInterceptorChain.java:131)\n\tat org.junit.jupiter.engine.extension.TimeoutExtension.intercept(TimeoutExtension.java:149)\n\tat org.junit.jupiter.engine.extension.TimeoutExtension.interceptTestableMethod(TimeoutExtension.java:140)\n\tat org.junit.jupiter.engine.extension.TimeoutExtension.interceptTestTemplateMethod(TimeoutExtension.java:92)\n\tat org.junit.jupiter.engine.execution.ExecutableInvoker$ReflectiveInterceptorCall.lambda$ofVoidMethod$0(ExecutableInvoker.java:115)\n\tat org.junit.jupiter.engine.execution.ExecutableInvoker.lambda$invoke$0(ExecutableInvoker.java:105)\n\tat org.junit.jupiter.engine.execution.InvocationInterceptorChain$InterceptedInvocation.proceed(InvocationInterceptorChain.java:106)\n\tat org.junit.jupiter.engine.execution.InvocationInterceptorChain.proceed(InvocationInterceptorChain.java:64)\n\tat org.junit.jupiter.engine.execution.InvocationInterceptorChain.chainAndInvoke(InvocationInterceptorChain.java:45)\n\tat org.junit.jupiter.engine.execution.InvocationInterceptorChain.invoke(InvocationInterceptorChain.java:37)\n\tat org.junit.jupiter.engine.execution.ExecutableInvoker.invoke(ExecutableInvoker.java:104)\n\tat org.junit.jupiter.engine.execution.ExecutableInvoker.invoke(ExecutableInvoker.java:98)\n\tat org.junit.jupiter.engine.descriptor.TestMethodTestDescriptor.lambda$invokeTestMethod$6(TestMethodTestDescriptor.java:210)\n\tat org.junit.platform.engine.support.hierarchical.ThrowableCollector.execute(ThrowableCollector.java:73)\n\tat org.junit.jupiter.engine.descriptor.TestMethodTestDescriptor.invokeTestMethod(TestMethodTestDescriptor.java:206)\n\tat org.junit.jupiter.engine.descriptor.TestMethodTestDescriptor.execute(TestMethodTestDescriptor.java:131)\n\tat org.junit.jupiter.engine.descriptor.TestMethodTestDescriptor.execute(TestMethodTestDescriptor.java:65)\n\tat org.junit.platform.engine.support.hierarchical.NodeTestTask.lambda$executeRecursively$5(NodeTestTask.java:139)\n\tat org.junit.platform.engine.support.hierarchical.ThrowableCollector.execute(ThrowableCollector.java:73)\n\tat org.junit.platform.engine.support.hierarchical.NodeTestTask.lambda$executeRecursively$7(NodeTestTask.java:129)\n\tat org.junit.platform.engine.support.hierarchical.Node.around(Node.java:137)\n\tat org.junit.platform.engine.support.hierarchical.NodeTestTask.lambda$executeRecursively$8(NodeTestTask.java:127)\n\tat org.junit.platform.engine.support.hierarchical.ThrowableCollector.execute(ThrowableCollector.java:73)\n\tat org.junit.platform.engine.support.hierarchical.NodeTestTask.executeRecursively(NodeTestTask.java:126)\n\tat org.junit.platform.engine.support.hierarchical.NodeTestTask.execute(NodeTestTask.java:84)\n\tat org.junit.platform.engine.support.hierarchical.SameThreadHierarchicalTestExecutorService.submit(SameThreadHierarchicalTestExecutorService.java:32)\n\tat org.junit.platform.engine.support.hierarchical.NodeTestTask$DefaultDynamicTestExecutor.execute(NodeTestTask.java:212)\n\tat org.junit.platform.engine.support.hierarchical.NodeTestTask$DefaultDynamicTestExecutor.execute(NodeTestTask.java:192)\n\tat org.junit.jupiter.engine.descriptor.TestTemplateTestDescriptor.execute(TestTemplateTestDescriptor.java:139)\n\tat org.junit.jupiter.engine.descriptor.TestTemplateTestDescriptor.lambda$execute$2(TestTemplateTestDescriptor.java:107)\n\tat java.util.stream.ForEachOps$ForEachOp$OfRef.accept(ForEachOps.java:183)\n\tat java.util.stream.ReferencePipeline$3$1.accept(ReferencePipeline.java:193)\n\tat java.util.stream.ReferencePipeline$2$1.accept(ReferencePipeline.java:175)\n\tat java.util.stream.ReferencePipeline$3$1.accept(ReferencePipeline.java:193)\n\tat java.util.stream.ForEachOps$ForEachOp$OfRef.accept(ForEachOps.java:183)\n\tat java.util.stream.ReferencePipeline$11$1.accept(ReferencePipeline.java:440)\n\tat java.util.stream.ReferencePipeline$3$1.accept(ReferencePipeline.java:193)\n\tat java.util.stream.ReferencePipeline$3$1.accept(ReferencePipeline.java:193)\n\tat java.util.stream.ReferencePipeline$3$1.accept(ReferencePipeline.java:193)\n\tat java.util.stream.ForEachOps$ForEachOp$OfRef.accept(ForEachOps.java:183)\n\tat java.util.stream.ReferencePipeline$3$1.accept(ReferencePipeline.java:193)\n\tat java.util.Spliterators$ArraySpliterator.forEachRemaining(Spliterators.java:948)\n\tat java.util.stream.ReferencePipeline$Head.forEach(ReferencePipeline.java:647)\n\tat java.util.stream.ReferencePipeline$7$1.accept(ReferencePipeline.java:272)\n\tat java.util.stream.ReferencePipeline$3$1.accept(ReferencePipeline.java:193)\n\tat java.util.stream.ReferencePipeline$3$1.accept(ReferencePipeline.java:193)\n\tat java.util.Spliterators$ArraySpliterator.forEachRemaining(Spliterators.java:948)\n\tat java.util.stream.AbstractPipeline.copyInto(AbstractPipeline.java:482)\n\tat java.util.stream.AbstractPipeline.wrapAndCopyInto(AbstractPipeline.java:472)\n\tat java.util.stream.ForEachOps$ForEachOp.evaluateSequential(ForEachOps.java:150)\n\tat java.util.stream.ForEachOps$ForEachOp$OfRef.evaluateSequential(ForEachOps.java:173)\n\tat java.util.stream.AbstractPipeline.evaluate(AbstractPipeline.java:234)\n\tat java.util.stream.ReferencePipeline.forEach(ReferencePipeline.java:485)\n\tat java.util.stream.ReferencePipeline$7$1.accept(ReferencePipeline.java:272)\n\tat java.util.stream.ReferencePipeline$3$1.accept(ReferencePipeline.java:193)\n\tat java.util.stream.ReferencePipeline$3$1.accept(ReferencePipeline.java:193)\n\tat java.util.stream.ReferencePipeline$3$1.accept(ReferencePipeline.java:193)\n\tat java.util.ArrayList$ArrayListSpliterator.forEachRemaining(ArrayList.java:1384)\n\tat java.util.stream.AbstractPipeline.copyInto(AbstractPipeline.java:482)\n\tat java.util.stream.AbstractPipeline.wrapAndCopyInto(AbstractPipeline.java:472)\n\tat java.util.stream.ForEachOps$ForEachOp.evaluateSequential(ForEachOps.java:150)\n\tat java.util.stream.ForEachOps$ForEachOp$OfRef.evaluateSequential(ForEachOps.java:173)\n\tat java.util.stream.AbstractPipeline.evaluate(AbstractPipeline.java:234)\n\tat java.util.stream.ReferencePipeline.forEach(ReferencePipeline.java:485)\n\tat java.util.stream.ReferencePipeline$7$1.accept(ReferencePipeline.java:272)\n\tat java.util.ArrayList$ArrayListSpliterator.forEachRemaining(ArrayList.java:1384)\n\tat java.util.stream.AbstractPipeline.copyInto(AbstractPipeline.java:482)\n\tat java.util.stream.AbstractPipeline.wrapAndCopyInto(AbstractPipeline.java:472)\n\tat java.util.stream.ForEachOps$ForEachOp.evaluateSequential(ForEachOps.java:150)\n\tat java.util.stream.ForEachOps$ForEachOp$OfRef.evaluateSequential(ForEachOps.java:173)\n\tat java.util.stream.AbstractPipeline.evaluate(AbstractPipeline.java:234)\n\tat java.util.stream.ReferencePipeline.forEach(ReferencePipeline.java:485)\n\tat org.junit.jupiter.engine.descriptor.TestTemplateTestDescriptor.execute(TestTemplateTestDescriptor.java:107)\n\tat org.junit.jupiter.engine.descriptor.TestTemplateTestDescriptor.execute(TestTemplateTestDescriptor.java:42)\n\tat org.junit.platform.engine.support.hierarchical.NodeTestTask.lambda$executeRecursively$5(NodeTestTask.java:139)\n\tat org.junit.platform.engine.support.hierarchical.ThrowableCollector.execute(ThrowableCollector.java:73)\n\tat org.junit.platform.engine.support.hierarchical.NodeTestTask.lambda$executeRecursively$7(NodeTestTask.java:129)\n\tat org.junit.platform.engine.support.hierarchical.Node.around(Node.java:137)\n\tat org.junit.platform.engine.support.hierarchical.NodeTestTask.lambda$executeRecursively$8(NodeTestTask.java:127)\n\tat org.junit.platform.engine.support.hierarchical.ThrowableCollector.execute(ThrowableCollector.java:73)\n\tat org.junit.platform.engine.support.hierarchical.NodeTestTask.executeRecursively(NodeTestTask.java:126)\n\tat org.junit.platform.engine.support.hierarchical.NodeTestTask.execute(NodeTestTask.java:84)\n\tat java.util.ArrayList.forEach(ArrayList.java:1259)\n\tat org.junit.platform.engine.support.hierarchical.SameThreadHierarchicalTestExecutorService.invokeAll(SameThreadHierarchicalTestExecutorService.java:38)\n\tat org.junit.platform.engine.support.hierarchical.NodeTestTask.lambda$executeRecursively$5(NodeTestTask.java:143)\n\tat org.junit.platform.engine.support.hierarchical.ThrowableCollector.execute(ThrowableCollector.java:73)\n\tat org.junit.platform.engine.support.hierarchical.NodeTestTask.lambda$executeRecursively$7(NodeTestTask.java:129)\n\tat org.junit.platform.engine.support.hierarchical.Node.around(Node.java:137)\n\tat org.junit.platform.engine.support.hierarchical.NodeTestTask.lambda$executeRecursively$8(NodeTestTask.java:127)\n\tat org.junit.platform.engine.support.hierarchical.ThrowableCollector.execute(ThrowableCollector.java:73)\n\tat org.junit.platform.engine.support.hierarchical.NodeTestTask.executeRecursively(NodeTestTask.java:126)\n\tat org.junit.platform.engine.support.hierarchical.NodeTestTask.execute(NodeTestTask.java:84)\n\tat java.util.ArrayList.forEach(ArrayList.java:1259)\n\tat org.junit.platform.engine.support.hierarchical.SameThreadHierarchicalTestExecutorService.invokeAll(SameThreadHierarchicalTestExecutorService.java:38)\n\tat org.junit.platform.engine.support.hierarchical.NodeTestTask.lambda$executeRecursively$5(NodeTestTask.java:143)\n\tat org.junit.platform.engine.support.hierarchical.ThrowableCollector.execute(ThrowableCollector.java:73)\n\tat org.junit.platform.engine.support.hierarchical.NodeTestTask.lambda$executeRecursively$7(NodeTestTask.java:129)\n\tat org.junit.platform.engine.support.hierarchical.Node.around(Node.java:137)\n\tat org.junit.platform.engine.support.hierarchical.NodeTestTask.lambda$executeRecursively$8(NodeTestTask.java:127)\n\tat org.junit.platform.engine.support.hierarchical.ThrowableCollector.execute(ThrowableCollector.java:73)\n\tat org.junit.platform.engine.support.hierarchical.NodeTestTask.executeRecursively(NodeTestTask.java:126)\n\tat org.junit.platform.engine.support.hierarchical.NodeTestTask.execute(NodeTestTask.java:84)\n\tat org.junit.platform.engine.support.hierarchical.SameThreadHierarchicalTestExecutorService.submit(SameThreadHierarchicalTestExecutorService.java:32)\n\tat org.junit.platform.engine.support.hierarchical.HierarchicalTestExecutor.execute(HierarchicalTestExecutor.java:57)\n\tat org.junit.platform.engine.support.hierarchical.HierarchicalTestEngine.execute(HierarchicalTestEngine.java:51)\n\tat org.junit.platform.launcher.core.EngineExecutionOrchestrator.execute(EngineExecutionOrchestrator.java:108)\n\tat org.junit.platform.launcher.core.EngineExecutionOrchestrator.execute(EngineExecutionOrchestrator.java:88)\n\tat org.junit.platform.launcher.core.EngineExecutionOrchestrator.lambda$execute$0(EngineExecutionOrchestrator.java:54)\n\tat org.junit.platform.launcher.core.EngineExecutionOrchestrator.withInterceptedStreams(EngineExecutionOrchestrator.java:67)\n\tat org.junit.platform.launcher.core.EngineExecutionOrchestrator.execute(EngineExecutionOrchestrator.java:52)\n\tat org.junit.platform.launcher.core.DefaultLauncher.execute(DefaultLauncher.java:96)\n\tat org.junit.platform.launcher.core.DefaultLauncher.execute(DefaultLauncher.java:75)\n\tat org.gradle.api.internal.tasks.testing.junitplatform.JUnitPlatformTestClassProcessor$CollectAllTestClassesExecutor.processAllTestClasses(JUnitPlatformTestClassProcessor.java:99)\n\tat org.gradle.api.internal.tasks.testing.junitplatform.JUnitPlatformTestClassProcessor$CollectAllTestClassesExecutor.access$000(JUnitPlatformTestClassProcessor.java:79)\n\tat org.gradle.api.internal.tasks.testing.junitplatform.JUnitPlatformTestClassProcessor.stop(JUnitPlatformTestClassProcessor.java:75)\n\tat org.gradle.api.internal.tasks.testing.SuiteTestClassProcessor.stop(SuiteTestClassProcessor.java:61)\n\tat sun.reflect.NativeMethodAccessorImpl.invoke0(Native Method)\n\tat sun.reflect.NativeMethodAccessorImpl.invoke(NativeMethodAccessorImpl.java:62)\n\tat sun.reflect.DelegatingMethodAccessorImpl.invoke(DelegatingMethodAccessorImpl.java:43)\n\tat java.lang.reflect.Method.invoke(Method.java:498)\n\tat org.gradle.internal.dispatch.ReflectionDispatch.dispatch(ReflectionDispatch.java:36)\n\tat org.gradle.internal.dispatch.ReflectionDispatch.dispatch(ReflectionDispatch.java:24)\n\tat org.gradle.internal.dispatch.ContextClassLoaderDispatch.dispatch(ContextClassLoaderDispatch.java:33)\n\tat org.gradle.internal.dispatch.ProxyDispatchAdapter$DispatchingInvocationHandler.invoke(ProxyDispatchAdapter.java:94)\n\tat com.sun.proxy.$Proxy2.stop(Unknown Source)\n\tat org.gradle.api.internal.tasks.testing.worker.TestWorker.stop(TestWorker.java:133)\n\tat sun.reflect.NativeMethodAccessorImpl.invoke0(Native Method)\n\tat sun.reflect.NativeMethodAccessorImpl.invoke(NativeMethodAccessorImpl.java:62)\n\tat sun.reflect.DelegatingMethodAccessorImpl.invoke(DelegatingMethodAccessorImpl.java:43)\n\tat java.lang.reflect.Method.invoke(Method.java:498)\n\tat org.gradle.internal.dispatch.ReflectionDispatch.dispatch(ReflectionDispatch.java:36)\n\tat org.gradle.internal.dispatch.ReflectionDispatch.dispatch(ReflectionDispatch.java:24)\n\tat org.gradle.internal.remote.internal.hub.MessageHubBackedObjectConnection$DispatchWrapper.dispatch(MessageHubBackedObjectConnection.java:182)\n\tat org.gradle.internal.remote.internal.hub.MessageHubBackedObjectConnection$DispatchWrapper.dispatch(MessageHubBackedObjectConnection.java:164)\n\tat org.gradle.internal.remote.internal.hub.MessageHub$Handler.run(MessageHub.java:414)\n\tat org.gradle.internal.concurrent.ExecutorPolicy$CatchAndRecordFailures.onExecute(ExecutorPolicy.java:64)\n\tat org.gradle.internal.concurrent.ManagedExecutorImpl$1.run(ManagedExecutorImpl.java:48)\n\tat java.util.concurrent.ThreadPoolExecutor.runWorker(ThreadPoolExecutor.java:1149)\n\tat java.util.concurrent.ThreadPoolExecutor$Worker.run(ThreadPoolExecutor.java:624)\n\tat org.gradle.internal.concurrent.ThreadFactoryImpl$ManagedThreadRunnable.run(ThreadFactoryImpl.java:56)\n\tat java.lang.Thread.run(Thread.java:748)\n",
  "flaky" : false,
  "newFailed" : false,
  "beforeStages" : [ ],
  "testStage" : {
    "description" : "",
    "status" : "broken",
    "statusMessage" : "An unknown server-side error occurred while processing the command. Original error: 'opencv4nodejs' module is required to use OpenCV features. Please install it first ('npm i -g opencv4nodejs') and restart Appium. Read https://github.com/justadudewhohacks/opencv4nodejs#how-to-install for more details on this topic.\nBuild info: version: '3.141.59', revision: 'e82be7d358', time: '2018-11-14T08:17:03'\nSystem info: host: 'Mac-1618074638808.local', ip: '10.212.9.34', os.name: 'Mac OS X', os.arch: 'x86_64', os.version: '10.15.7', java.version: '1.8.0_282'\nDriver info: io.appium.java_client.AppiumDriver\nCapabilities {app: sut_app/app/racinesut.apk, appPackage: jp.shiftinc.automation.racine, automationName: UiAutomator2, databaseEnabled: false, desired: {app: sut_app/app/racinesut.apk, automationName: UiAutomator2, deviceName: Android Emulator, newCommandTimeout: 1000, platformName: android, platformVersion: 9.0}, deviceApiLevel: 28, deviceManufacturer: unknown, deviceModel: Android SDK built for x86, deviceName: emulator-5554, deviceScreenDensity: 160, deviceScreenSize: 320x640, deviceUDID: emulator-5554, javascriptEnabled: true, locationContextEnabled: false, networkConnectionEnabled: true, newCommandTimeout: 1000, pixelRatio: 1, platform: LINUX, platformName: Android, platformVersion: 9, statBarHeight: 24, takesScreenshot: true, viewportRect: {height: 616, left: 0, top: 24, width: 320}, warnings: {}, webStorageEnabled: false}\nSession ID: 0efa6f24-f172-46b2-b907-5acb91775a69\n*** Element info: {Using=-image, value=iVBORw0KGgoAAAANSUhEUgAAAN4AAAAnCAIAAADvmGExAAADm0lEQVR42u2dWUhUURjHfREk6CEiJAgxiiQMWyBMUxJDWjAwaFPTSLCiosJMSRCxh8ogqIzC6sUWxQgMlMQ0DHHJJZcyHXVGZ3Guy+iMo87cmTt3rn2DUHpnUcegqfkffg/Oufeecz38POf7zhH1mUVB8cjigyFA8VA1e3yCAPAooCaAmgBATQA1AYCaAGoCADUBgJoAagIANT0FiV+I9tEr5aFUDAXU/JvoCko0Ofm/PtLX+uLysZv32aZODA7UXCm9q3dJfINd3+CwXrpxv8CayMXfNYHRvEYrj0hg237I95xYtOv+9RHGxo6Ry7cWVG7Yx7Z8H7mYCyO9XU3Dp0bXv/DCtnY5fHD6ffUsz6tPpSkiE+dQxZ6neXTo+NWl9GtTsL3bamCZ5Mz59X1rQ2c+1s8Kgjb/NaT0ajXJA1KESclyiLGhnW3+Zv+UOj6N7LH3WLDw8rCTi3Y6FHfJohrmx3WqIxcchwpPi6n9mar6fv9w0SXZlgOyzTFQ0wvUrKybqW5wdnWqtMo+cCQ5OCVD1ooiAcPnZm5Atchk6R+ue1JEBhvr22RbD7u4czTtrmAyj98pEL/Su0p9UTnUhJpiNaUBUeYeGalJkeWC+sBowcxpH7501hSt1BP3XvBaPY3ydFnNUt5NHioOWGkin7VaReEp1ISaQcqYs5yCobWYch3RnZrcx7QED+48Kt5O8g2m6FP/poyWb4osJwtLrZNTtF678aoUKtCzNGsi1oSaYjWNdV9NnRJa0MXZekAUmTdTUStelK/d5scmaFgtI+Oko3STLUakLN4NNeV746kRTqbsWxcGNaGmWM3eVdv71ux2cFvJB+u0YWBbrKh+cEccTXKUM82PSt1Qk0nK4CcmObmaGkSGDjWdpkEihlOzKf4bz3u+xB6XpaYs6CAFA9Q+29rlOm2CmlBz4S7S6RsCazLUtkj8Qv6smhRZUmAqGFmKULUPCl2fC0DN/3Nfc5Etd0f7mnP5Dc2UgoWnG+x3H91Wk0nOpJ8Hi3rUtktq5mjKtA9toaZ3nAbVNNm23JMyHGL80uHwNIgumbullJJPva1wdpLpVE2tXvesxKmaKVmUhlNGNZqeJ9qfgpre9W2rE65TmuL02ObYFebMgoNERWQip2BopDipQp2Y7kaPtpN3l3vm3rx2Q80VocnJHz6XjXGAmgBqQk0ANQGAmgBqAgA1AdQEAGoCADXBP6km/mY4Cv7NAArKMspPZgxh+qBTJZoAAAAASUVORK5CYII=}",
    "statusTrace" : "org.openqa.selenium.WebDriverException: An unknown server-side error occurred while processing the command. Original error: 'opencv4nodejs' module is required to use OpenCV features. Please install it first ('npm i -g opencv4nodejs') and restart Appium. Read https://github.com/justadudewhohacks/opencv4nodejs#how-to-install for more details on this topic.\nBuild info: version: '3.141.59', revision: 'e82be7d358', time: '2018-11-14T08:17:03'\nSystem info: host: 'Mac-1618074638808.local', ip: '10.212.9.34', os.name: 'Mac OS X', os.arch: 'x86_64', os.version: '10.15.7', java.version: '1.8.0_282'\nDriver info: io.appium.java_client.AppiumDriver\nCapabilities {app: sut_app/app/racinesut.apk, appPackage: jp.shiftinc.automation.racine, automationName: UiAutomator2, databaseEnabled: false, desired: {app: sut_app/app/racinesut.apk, automationName: UiAutomator2, deviceName: Android Emulator, newCommandTimeout: 1000, platformName: android, platformVersion: 9.0}, deviceApiLevel: 28, deviceManufacturer: unknown, deviceModel: Android SDK built for x86, deviceName: emulator-5554, deviceScreenDensity: 160, deviceScreenSize: 320x640, deviceUDID: emulator-5554, javascriptEnabled: true, locationContextEnabled: false, networkConnectionEnabled: true, newCommandTimeout: 1000, pixelRatio: 1, platform: LINUX, platformName: Android, platformVersion: 9, statBarHeight: 24, takesScreenshot: true, viewportRect: {height: 616, left: 0, top: 24, width: 320}, warnings: {}, webStorageEnabled: false}\nSession ID: 0efa6f24-f172-46b2-b907-5acb91775a69\n*** Element info: {Using=-image, value=iVBORw0KGgoAAAANSUhEUgAAAN4AAAAnCAIAAADvmGExAAADm0lEQVR42u2dWUhUURjHfREk6CEiJAgxiiQMWyBMUxJDWjAwaFPTSLCiosJMSRCxh8ogqIzC6sUWxQgMlMQ0DHHJJZcyHXVGZ3Guy+iMo87cmTt3rn2DUHpnUcegqfkffg/Oufeecz38POf7zhH1mUVB8cjigyFA8VA1e3yCAPAooCaAmgBATQA1AYCaAGoCADUBgJoAagIANT0FiV+I9tEr5aFUDAXU/JvoCko0Ofm/PtLX+uLysZv32aZODA7UXCm9q3dJfINd3+CwXrpxv8CayMXfNYHRvEYrj0hg237I95xYtOv+9RHGxo6Ry7cWVG7Yx7Z8H7mYCyO9XU3Dp0bXv/DCtnY5fHD6ffUsz6tPpSkiE+dQxZ6neXTo+NWl9GtTsL3bamCZ5Mz59X1rQ2c+1s8Kgjb/NaT0ajXJA1KESclyiLGhnW3+Zv+UOj6N7LH3WLDw8rCTi3Y6FHfJohrmx3WqIxcchwpPi6n9mar6fv9w0SXZlgOyzTFQ0wvUrKybqW5wdnWqtMo+cCQ5OCVD1ooiAcPnZm5Atchk6R+ue1JEBhvr22RbD7u4czTtrmAyj98pEL/Su0p9UTnUhJpiNaUBUeYeGalJkeWC+sBowcxpH7501hSt1BP3XvBaPY3ydFnNUt5NHioOWGkin7VaReEp1ISaQcqYs5yCobWYch3RnZrcx7QED+48Kt5O8g2m6FP/poyWb4osJwtLrZNTtF678aoUKtCzNGsi1oSaYjWNdV9NnRJa0MXZekAUmTdTUStelK/d5scmaFgtI+Oko3STLUakLN4NNeV746kRTqbsWxcGNaGmWM3eVdv71ux2cFvJB+u0YWBbrKh+cEccTXKUM82PSt1Qk0nK4CcmObmaGkSGDjWdpkEihlOzKf4bz3u+xB6XpaYs6CAFA9Q+29rlOm2CmlBz4S7S6RsCazLUtkj8Qv6smhRZUmAqGFmKULUPCl2fC0DN/3Nfc5Etd0f7mnP5Dc2UgoWnG+x3H91Wk0nOpJ8Hi3rUtktq5mjKtA9toaZ3nAbVNNm23JMyHGL80uHwNIgumbullJJPva1wdpLpVE2tXvesxKmaKVmUhlNGNZqeJ9qfgpre9W2rE65TmuL02ObYFebMgoNERWQip2BopDipQp2Y7kaPtpN3l3vm3rx2Q80VocnJHz6XjXGAmgBqQk0ANQGAmgBqAgA1AdQEAGoCADXBP6km/mY4Cv7NAArKMspPZgxh+qBTJZoAAAAASUVORK5CYII=}\n\tat sun.reflect.NativeConstructorAccessorImpl.newInstance0(Native Method)\n\tat sun.reflect.NativeConstructorAccessorImpl.newInstance(NativeConstructorAccessorImpl.java:62)\n\tat sun.reflect.DelegatingConstructorAccessorImpl.newInstance(DelegatingConstructorAccessorImpl.java:45)\n\tat java.lang.reflect.Constructor.newInstance(Constructor.java:423)\n\tat org.openqa.selenium.remote.http.W3CHttpResponseCodec.createException(W3CHttpResponseCodec.java:187)\n\tat org.openqa.selenium.remote.http.W3CHttpResponseCodec.decode(W3CHttpResponseCodec.java:122)\n\tat org.openqa.selenium.remote.http.W3CHttpResponseCodec.decode(W3CHttpResponseCodec.java:49)\n\tat org.openqa.selenium.remote.HttpCommandExecutor.execute(HttpCommandExecutor.java:158)\n\tat io.appium.java_client.remote.AppiumCommandExecutor.execute(AppiumCommandExecutor.java:247)\n\tat org.openqa.selenium.remote.RemoteWebDriver.execute(RemoteWebDriver.java:552)\n\tat io.appium.java_client.DefaultGenericMobileDriver.execute(DefaultGenericMobileDriver.java:41)\n\tat io.appium.java_client.AppiumDriver.execute(AppiumDriver.java:1)\n\tat org.openqa.selenium.remote.RemoteWebDriver.findElement(RemoteWebDriver.java:323)\n\tat io.appium.java_client.DefaultGenericMobileDriver.findElement(DefaultGenericMobileDriver.java:61)\n\tat io.appium.java_client.AppiumDriver.findElement(AppiumDriver.java:1)\n\tat io.appium.java_client.FindsByImage.findElementByImage(FindsByImage.java:42)\n\tat jp.shiftinc.automation.trial.TestMobileApp.imageSelectorTest(TestMobileApp.java:62)\n\tat sun.reflect.NativeMethodAccessorImpl.invoke0(Native Method)\n\tat sun.reflect.NativeMethodAccessorImpl.invoke(NativeMethodAccessorImpl.java:62)\n\tat sun.reflect.DelegatingMethodAccessorImpl.invoke(DelegatingMethodAccessorImpl.java:43)\n\tat java.lang.reflect.Method.invoke(Method.java:498)\n\tat org.junit.platform.commons.util.ReflectionUtils.invokeMethod(ReflectionUtils.java:688)\n\tat org.junit.jupiter.engine.execution.MethodInvocation.proceed(MethodInvocation.java:60)\n\tat org.junit.jupiter.engine.execution.InvocationInterceptorChain$ValidatingInvocation.proceed(InvocationInterceptorChain.java:131)\n\tat org.junit.jupiter.engine.extension.TimeoutExtension.intercept(TimeoutExtension.java:149)\n\tat org.junit.jupiter.engine.extension.TimeoutExtension.interceptTestableMethod(TimeoutExtension.java:140)\n\tat org.junit.jupiter.engine.extension.TimeoutExtension.interceptTestTemplateMethod(TimeoutExtension.java:92)\n\tat org.junit.jupiter.engine.execution.ExecutableInvoker$ReflectiveInterceptorCall.lambda$ofVoidMethod$0(ExecutableInvoker.java:115)\n\tat org.junit.jupiter.engine.execution.ExecutableInvoker.lambda$invoke$0(ExecutableInvoker.java:105)\n\tat org.junit.jupiter.engine.execution.InvocationInterceptorChain$InterceptedInvocation.proceed(InvocationInterceptorChain.java:106)\n\tat org.junit.jupiter.engine.execution.InvocationInterceptorChain.proceed(InvocationInterceptorChain.java:64)\n\tat org.junit.jupiter.engine.execution.InvocationInterceptorChain.chainAndInvoke(InvocationInterceptorChain.java:45)\n\tat org.junit.jupiter.engine.execution.InvocationInterceptorChain.invoke(InvocationInterceptorChain.java:37)\n\tat org.junit.jupiter.engine.execution.ExecutableInvoker.invoke(ExecutableInvoker.java:104)\n\tat org.junit.jupiter.engine.execution.ExecutableInvoker.invoke(ExecutableInvoker.java:98)\n\tat org.junit.jupiter.engine.descriptor.TestMethodTestDescriptor.lambda$invokeTestMethod$6(TestMethodTestDescriptor.java:210)\n\tat org.junit.platform.engine.support.hierarchical.ThrowableCollector.execute(ThrowableCollector.java:73)\n\tat org.junit.jupiter.engine.descriptor.TestMethodTestDescriptor.invokeTestMethod(TestMethodTestDescriptor.java:206)\n\tat org.junit.jupiter.engine.descriptor.TestMethodTestDescriptor.execute(TestMethodTestDescriptor.java:131)\n\tat org.junit.jupiter.engine.descriptor.TestMethodTestDescriptor.execute(TestMethodTestDescriptor.java:65)\n\tat org.junit.platform.engine.support.hierarchical.NodeTestTask.lambda$executeRecursively$5(NodeTestTask.java:139)\n\tat org.junit.platform.engine.support.hierarchical.ThrowableCollector.execute(ThrowableCollector.java:73)\n\tat org.junit.platform.engine.support.hierarchical.NodeTestTask.lambda$executeRecursively$7(NodeTestTask.java:129)\n\tat org.junit.platform.engine.support.hierarchical.Node.around(Node.java:137)\n\tat org.junit.platform.engine.support.hierarchical.NodeTestTask.lambda$executeRecursively$8(NodeTestTask.java:127)\n\tat org.junit.platform.engine.support.hierarchical.ThrowableCollector.execute(ThrowableCollector.java:73)\n\tat org.junit.platform.engine.support.hierarchical.NodeTestTask.executeRecursively(NodeTestTask.java:126)\n\tat org.junit.platform.engine.support.hierarchical.NodeTestTask.execute(NodeTestTask.java:84)\n\tat org.junit.platform.engine.support.hierarchical.SameThreadHierarchicalTestExecutorService.submit(SameThreadHierarchicalTestExecutorService.java:32)\n\tat org.junit.platform.engine.support.hierarchical.NodeTestTask$DefaultDynamicTestExecutor.execute(NodeTestTask.java:212)\n\tat org.junit.platform.engine.support.hierarchical.NodeTestTask$DefaultDynamicTestExecutor.execute(NodeTestTask.java:192)\n\tat org.junit.jupiter.engine.descriptor.TestTemplateTestDescriptor.execute(TestTemplateTestDescriptor.java:139)\n\tat org.junit.jupiter.engine.descriptor.TestTemplateTestDescriptor.lambda$execute$2(TestTemplateTestDescriptor.java:107)\n\tat java.util.stream.ForEachOps$ForEachOp$OfRef.accept(ForEachOps.java:183)\n\tat java.util.stream.ReferencePipeline$3$1.accept(ReferencePipeline.java:193)\n\tat java.util.stream.ReferencePipeline$2$1.accept(ReferencePipeline.java:175)\n\tat java.util.stream.ReferencePipeline$3$1.accept(ReferencePipeline.java:193)\n\tat java.util.stream.ForEachOps$ForEachOp$OfRef.accept(ForEachOps.java:183)\n\tat java.util.stream.ReferencePipeline$11$1.accept(ReferencePipeline.java:440)\n\tat java.util.stream.ReferencePipeline$3$1.accept(ReferencePipeline.java:193)\n\tat java.util.stream.ReferencePipeline$3$1.accept(ReferencePipeline.java:193)\n\tat java.util.stream.ReferencePipeline$3$1.accept(ReferencePipeline.java:193)\n\tat java.util.stream.ForEachOps$ForEachOp$OfRef.accept(ForEachOps.java:183)\n\tat java.util.stream.ReferencePipeline$3$1.accept(ReferencePipeline.java:193)\n\tat java.util.Spliterators$ArraySpliterator.forEachRemaining(Spliterators.java:948)\n\tat java.util.stream.ReferencePipeline$Head.forEach(ReferencePipeline.java:647)\n\tat java.util.stream.ReferencePipeline$7$1.accept(ReferencePipeline.java:272)\n\tat java.util.stream.ReferencePipeline$3$1.accept(ReferencePipeline.java:193)\n\tat java.util.stream.ReferencePipeline$3$1.accept(ReferencePipeline.java:193)\n\tat java.util.Spliterators$ArraySpliterator.forEachRemaining(Spliterators.java:948)\n\tat java.util.stream.AbstractPipeline.copyInto(AbstractPipeline.java:482)\n\tat java.util.stream.AbstractPipeline.wrapAndCopyInto(AbstractPipeline.java:472)\n\tat java.util.stream.ForEachOps$ForEachOp.evaluateSequential(ForEachOps.java:150)\n\tat java.util.stream.ForEachOps$ForEachOp$OfRef.evaluateSequential(ForEachOps.java:173)\n\tat java.util.stream.AbstractPipeline.evaluate(AbstractPipeline.java:234)\n\tat java.util.stream.ReferencePipeline.forEach(ReferencePipeline.java:485)\n\tat java.util.stream.ReferencePipeline$7$1.accept(ReferencePipeline.java:272)\n\tat java.util.stream.ReferencePipeline$3$1.accept(ReferencePipeline.java:193)\n\tat java.util.stream.ReferencePipeline$3$1.accept(ReferencePipeline.java:193)\n\tat java.util.stream.ReferencePipeline$3$1.accept(ReferencePipeline.java:193)\n\tat java.util.ArrayList$ArrayListSpliterator.forEachRemaining(ArrayList.java:1384)\n\tat java.util.stream.AbstractPipeline.copyInto(AbstractPipeline.java:482)\n\tat java.util.stream.AbstractPipeline.wrapAndCopyInto(AbstractPipeline.java:472)\n\tat java.util.stream.ForEachOps$ForEachOp.evaluateSequential(ForEachOps.java:150)\n\tat java.util.stream.ForEachOps$ForEachOp$OfRef.evaluateSequential(ForEachOps.java:173)\n\tat java.util.stream.AbstractPipeline.evaluate(AbstractPipeline.java:234)\n\tat java.util.stream.ReferencePipeline.forEach(ReferencePipeline.java:485)\n\tat java.util.stream.ReferencePipeline$7$1.accept(ReferencePipeline.java:272)\n\tat java.util.ArrayList$ArrayListSpliterator.forEachRemaining(ArrayList.java:1384)\n\tat java.util.stream.AbstractPipeline.copyInto(AbstractPipeline.java:482)\n\tat java.util.stream.AbstractPipeline.wrapAndCopyInto(AbstractPipeline.java:472)\n\tat java.util.stream.ForEachOps$ForEachOp.evaluateSequential(ForEachOps.java:150)\n\tat java.util.stream.ForEachOps$ForEachOp$OfRef.evaluateSequential(ForEachOps.java:173)\n\tat java.util.stream.AbstractPipeline.evaluate(AbstractPipeline.java:234)\n\tat java.util.stream.ReferencePipeline.forEach(ReferencePipeline.java:485)\n\tat org.junit.jupiter.engine.descriptor.TestTemplateTestDescriptor.execute(TestTemplateTestDescriptor.java:107)\n\tat org.junit.jupiter.engine.descriptor.TestTemplateTestDescriptor.execute(TestTemplateTestDescriptor.java:42)\n\tat org.junit.platform.engine.support.hierarchical.NodeTestTask.lambda$executeRecursively$5(NodeTestTask.java:139)\n\tat org.junit.platform.engine.support.hierarchical.ThrowableCollector.execute(ThrowableCollector.java:73)\n\tat org.junit.platform.engine.support.hierarchical.NodeTestTask.lambda$executeRecursively$7(NodeTestTask.java:129)\n\tat org.junit.platform.engine.support.hierarchical.Node.around(Node.java:137)\n\tat org.junit.platform.engine.support.hierarchical.NodeTestTask.lambda$executeRecursively$8(NodeTestTask.java:127)\n\tat org.junit.platform.engine.support.hierarchical.ThrowableCollector.execute(ThrowableCollector.java:73)\n\tat org.junit.platform.engine.support.hierarchical.NodeTestTask.executeRecursively(NodeTestTask.java:126)\n\tat org.junit.platform.engine.support.hierarchical.NodeTestTask.execute(NodeTestTask.java:84)\n\tat java.util.ArrayList.forEach(ArrayList.java:1259)\n\tat org.junit.platform.engine.support.hierarchical.SameThreadHierarchicalTestExecutorService.invokeAll(SameThreadHierarchicalTestExecutorService.java:38)\n\tat org.junit.platform.engine.support.hierarchical.NodeTestTask.lambda$executeRecursively$5(NodeTestTask.java:143)\n\tat org.junit.platform.engine.support.hierarchical.ThrowableCollector.execute(ThrowableCollector.java:73)\n\tat org.junit.platform.engine.support.hierarchical.NodeTestTask.lambda$executeRecursively$7(NodeTestTask.java:129)\n\tat org.junit.platform.engine.support.hierarchical.Node.around(Node.java:137)\n\tat org.junit.platform.engine.support.hierarchical.NodeTestTask.lambda$executeRecursively$8(NodeTestTask.java:127)\n\tat org.junit.platform.engine.support.hierarchical.ThrowableCollector.execute(ThrowableCollector.java:73)\n\tat org.junit.platform.engine.support.hierarchical.NodeTestTask.executeRecursively(NodeTestTask.java:126)\n\tat org.junit.platform.engine.support.hierarchical.NodeTestTask.execute(NodeTestTask.java:84)\n\tat java.util.ArrayList.forEach(ArrayList.java:1259)\n\tat org.junit.platform.engine.support.hierarchical.SameThreadHierarchicalTestExecutorService.invokeAll(SameThreadHierarchicalTestExecutorService.java:38)\n\tat org.junit.platform.engine.support.hierarchical.NodeTestTask.lambda$executeRecursively$5(NodeTestTask.java:143)\n\tat org.junit.platform.engine.support.hierarchical.ThrowableCollector.execute(ThrowableCollector.java:73)\n\tat org.junit.platform.engine.support.hierarchical.NodeTestTask.lambda$executeRecursively$7(NodeTestTask.java:129)\n\tat org.junit.platform.engine.support.hierarchical.Node.around(Node.java:137)\n\tat org.junit.platform.engine.support.hierarchical.NodeTestTask.lambda$executeRecursively$8(NodeTestTask.java:127)\n\tat org.junit.platform.engine.support.hierarchical.ThrowableCollector.execute(ThrowableCollector.java:73)\n\tat org.junit.platform.engine.support.hierarchical.NodeTestTask.executeRecursively(NodeTestTask.java:126)\n\tat org.junit.platform.engine.support.hierarchical.NodeTestTask.execute(NodeTestTask.java:84)\n\tat org.junit.platform.engine.support.hierarchical.SameThreadHierarchicalTestExecutorService.submit(SameThreadHierarchicalTestExecutorService.java:32)\n\tat org.junit.platform.engine.support.hierarchical.HierarchicalTestExecutor.execute(HierarchicalTestExecutor.java:57)\n\tat org.junit.platform.engine.support.hierarchical.HierarchicalTestEngine.execute(HierarchicalTestEngine.java:51)\n\tat org.junit.platform.launcher.core.EngineExecutionOrchestrator.execute(EngineExecutionOrchestrator.java:108)\n\tat org.junit.platform.launcher.core.EngineExecutionOrchestrator.execute(EngineExecutionOrchestrator.java:88)\n\tat org.junit.platform.launcher.core.EngineExecutionOrchestrator.lambda$execute$0(EngineExecutionOrchestrator.java:54)\n\tat org.junit.platform.launcher.core.EngineExecutionOrchestrator.withInterceptedStreams(EngineExecutionOrchestrator.java:67)\n\tat org.junit.platform.launcher.core.EngineExecutionOrchestrator.execute(EngineExecutionOrchestrator.java:52)\n\tat org.junit.platform.launcher.core.DefaultLauncher.execute(DefaultLauncher.java:96)\n\tat org.junit.platform.launcher.core.DefaultLauncher.execute(DefaultLauncher.java:75)\n\tat org.gradle.api.internal.tasks.testing.junitplatform.JUnitPlatformTestClassProcessor$CollectAllTestClassesExecutor.processAllTestClasses(JUnitPlatformTestClassProcessor.java:99)\n\tat org.gradle.api.internal.tasks.testing.junitplatform.JUnitPlatformTestClassProcessor$CollectAllTestClassesExecutor.access$000(JUnitPlatformTestClassProcessor.java:79)\n\tat org.gradle.api.internal.tasks.testing.junitplatform.JUnitPlatformTestClassProcessor.stop(JUnitPlatformTestClassProcessor.java:75)\n\tat org.gradle.api.internal.tasks.testing.SuiteTestClassProcessor.stop(SuiteTestClassProcessor.java:61)\n\tat sun.reflect.NativeMethodAccessorImpl.invoke0(Native Method)\n\tat sun.reflect.NativeMethodAccessorImpl.invoke(NativeMethodAccessorImpl.java:62)\n\tat sun.reflect.DelegatingMethodAccessorImpl.invoke(DelegatingMethodAccessorImpl.java:43)\n\tat java.lang.reflect.Method.invoke(Method.java:498)\n\tat org.gradle.internal.dispatch.ReflectionDispatch.dispatch(ReflectionDispatch.java:36)\n\tat org.gradle.internal.dispatch.ReflectionDispatch.dispatch(ReflectionDispatch.java:24)\n\tat org.gradle.internal.dispatch.ContextClassLoaderDispatch.dispatch(ContextClassLoaderDispatch.java:33)\n\tat org.gradle.internal.dispatch.ProxyDispatchAdapter$DispatchingInvocationHandler.invoke(ProxyDispatchAdapter.java:94)\n\tat com.sun.proxy.$Proxy2.stop(Unknown Source)\n\tat org.gradle.api.internal.tasks.testing.worker.TestWorker.stop(TestWorker.java:133)\n\tat sun.reflect.NativeMethodAccessorImpl.invoke0(Native Method)\n\tat sun.reflect.NativeMethodAccessorImpl.invoke(NativeMethodAccessorImpl.java:62)\n\tat sun.reflect.DelegatingMethodAccessorImpl.invoke(DelegatingMethodAccessorImpl.java:43)\n\tat java.lang.reflect.Method.invoke(Method.java:498)\n\tat org.gradle.internal.dispatch.ReflectionDispatch.dispatch(ReflectionDispatch.java:36)\n\tat org.gradle.internal.dispatch.ReflectionDispatch.dispatch(ReflectionDispatch.java:24)\n\tat org.gradle.internal.remote.internal.hub.MessageHubBackedObjectConnection$DispatchWrapper.dispatch(MessageHubBackedObjectConnection.java:182)\n\tat org.gradle.internal.remote.internal.hub.MessageHubBackedObjectConnection$DispatchWrapper.dispatch(MessageHubBackedObjectConnection.java:164)\n\tat org.gradle.internal.remote.internal.hub.MessageHub$Handler.run(MessageHub.java:414)\n\tat org.gradle.internal.concurrent.ExecutorPolicy$CatchAndRecordFailures.onExecute(ExecutorPolicy.java:64)\n\tat org.gradle.internal.concurrent.ManagedExecutorImpl$1.run(ManagedExecutorImpl.java:48)\n\tat java.util.concurrent.ThreadPoolExecutor.runWorker(ThreadPoolExecutor.java:1149)\n\tat java.util.concurrent.ThreadPoolExecutor$Worker.run(ThreadPoolExecutor.java:624)\n\tat org.gradle.internal.concurrent.ThreadFactoryImpl$ManagedThreadRunnable.run(ThreadFactoryImpl.java:56)\n\tat java.lang.Thread.run(Thread.java:748)\n",
    "steps" : [ {
      "name" : "android／イメージセレクタでログイン",
      "time" : {
        "start" : 1618075334200,
        "stop" : 1618075414620,
        "duration" : 80420
      },
      "status" : "broken",
      "statusMessage" : "An unknown server-side error occurred while processing the command. Original error: 'opencv4nodejs' module is required to use OpenCV features. Please install it first ('npm i -g opencv4nodejs') and restart Appium. Read https://github.com/justadudewhohacks/opencv4nodejs#how-to-install for more details on this topic.\nBuild info: version: '3.141.59', revision: 'e82be7d358', time: '2018-11-14T08:17:03'\nSystem info: host: 'Mac-1618074638808.local', ip: '10.212.9.34', os.name: 'Mac OS X', os.arch: 'x86_64', os.version: '10.15.7', java.version: '1.8.0_282'\nDriver info: io.appium.java_client.AppiumDriver\nCapabilities {app: sut_app/app/racinesut.apk, appPackage: jp.shiftinc.automation.racine, automationName: UiAutomator2, databaseEnabled: false, desired: {app: sut_app/app/racinesut.apk, automationName: UiAutomator2, deviceName: Android Emulator, newCommandTimeout: 1000, platformName: android, platformVersion: 9.0}, deviceApiLevel: 28, deviceManufacturer: unknown, deviceModel: Android SDK built for x86, deviceName: emulator-5554, deviceScreenDensity: 160, deviceScreenSize: 320x640, deviceUDID: emulator-5554, javascriptEnabled: true, locationContextEnabled: false, networkConnectionEnabled: true, newCommandTimeout: 1000, pixelRatio: 1, platform: LINUX, platformName: Android, platformVersion: 9, statBarHeight: 24, takesScreenshot: true, viewportRect: {height: 616, left: 0, top: 24, width: 320}, warnings: {}, webStorageEnabled: false}\nSession ID: 0efa6f24-f172-46b2-b907-5acb91775a69\n*** Element info: {Using=-image, value=iVBORw0KGgoAAAANSUhEUgAAAN4AAAAnCAIAAADvmGExAAADm0lEQVR42u2dWUhUURjHfREk6CEiJAgxiiQMWyBMUxJDWjAwaFPTSLCiosJMSRCxh8ogqIzC6sUWxQgMlMQ0DHHJJZcyHXVGZ3Guy+iMo87cmTt3rn2DUHpnUcegqfkffg/Oufeecz38POf7zhH1mUVB8cjigyFA8VA1e3yCAPAooCaAmgBATQA1AYCaAGoCADUBgJoAagIANT0FiV+I9tEr5aFUDAXU/JvoCko0Ofm/PtLX+uLysZv32aZODA7UXCm9q3dJfINd3+CwXrpxv8CayMXfNYHRvEYrj0hg237I95xYtOv+9RHGxo6Ry7cWVG7Yx7Z8H7mYCyO9XU3Dp0bXv/DCtnY5fHD6ffUsz6tPpSkiE+dQxZ6neXTo+NWl9GtTsL3bamCZ5Mz59X1rQ2c+1s8Kgjb/NaT0ajXJA1KESclyiLGhnW3+Zv+UOj6N7LH3WLDw8rCTi3Y6FHfJohrmx3WqIxcchwpPi6n9mar6fv9w0SXZlgOyzTFQ0wvUrKybqW5wdnWqtMo+cCQ5OCVD1ooiAcPnZm5Atchk6R+ue1JEBhvr22RbD7u4czTtrmAyj98pEL/Su0p9UTnUhJpiNaUBUeYeGalJkeWC+sBowcxpH7501hSt1BP3XvBaPY3ydFnNUt5NHioOWGkin7VaReEp1ISaQcqYs5yCobWYch3RnZrcx7QED+48Kt5O8g2m6FP/poyWb4osJwtLrZNTtF678aoUKtCzNGsi1oSaYjWNdV9NnRJa0MXZekAUmTdTUStelK/d5scmaFgtI+Oko3STLUakLN4NNeV746kRTqbsWxcGNaGmWM3eVdv71ux2cFvJB+u0YWBbrKh+cEccTXKUM82PSt1Qk0nK4CcmObmaGkSGDjWdpkEihlOzKf4bz3u+xB6XpaYs6CAFA9Q+29rlOm2CmlBz4S7S6RsCazLUtkj8Qv6smhRZUmAqGFmKULUPCl2fC0DN/3Nfc5Etd0f7mnP5Dc2UgoWnG+x3H91Wk0nOpJ8Hi3rUtktq5mjKtA9toaZ3nAbVNNm23JMyHGL80uHwNIgumbullJJPva1wdpLpVE2tXvesxKmaKVmUhlNGNZqeJ9qfgpre9W2rE65TmuL02ObYFebMgoNERWQip2BopDipQp2Y7kaPtpN3l3vm3rx2Q80VocnJHz6XjXGAmgBqQk0ANQGAmgBqAgA1AdQEAGoCADXBP6km/mY4Cv7NAArKMspPZgxh+qBTJZoAAAAASUVORK5CYII=}",
      "statusTrace" : "org.openqa.selenium.WebDriverException: An unknown server-side error occurred while processing the command. Original error: 'opencv4nodejs' module is required to use OpenCV features. Please install it first ('npm i -g opencv4nodejs') and restart Appium. Read https://github.com/justadudewhohacks/opencv4nodejs#how-to-install for more details on this topic.\nBuild info: version: '3.141.59', revision: 'e82be7d358', time: '2018-11-14T08:17:03'\nSystem info: host: 'Mac-1618074638808.local', ip: '10.212.9.34', os.name: 'Mac OS X', os.arch: 'x86_64', os.version: '10.15.7', java.version: '1.8.0_282'\nDriver info: io.appium.java_client.AppiumDriver\nCapabilities {app: sut_app/app/racinesut.apk, appPackage: jp.shiftinc.automation.racine, automationName: UiAutomator2, databaseEnabled: false, desired: {app: sut_app/app/racinesut.apk, automationName: UiAutomator2, deviceName: Android Emulator, newCommandTimeout: 1000, platformName: android, platformVersion: 9.0}, deviceApiLevel: 28, deviceManufacturer: unknown, deviceModel: Android SDK built for x86, deviceName: emulator-5554, deviceScreenDensity: 160, deviceScreenSize: 320x640, deviceUDID: emulator-5554, javascriptEnabled: true, locationContextEnabled: false, networkConnectionEnabled: true, newCommandTimeout: 1000, pixelRatio: 1, platform: LINUX, platformName: Android, platformVersion: 9, statBarHeight: 24, takesScreenshot: true, viewportRect: {height: 616, left: 0, top: 24, width: 320}, warnings: {}, webStorageEnabled: false}\nSession ID: 0efa6f24-f172-46b2-b907-5acb91775a69\n*** Element info: {Using=-image, value=iVBORw0KGgoAAAANSUhEUgAAAN4AAAAnCAIAAADvmGExAAADm0lEQVR42u2dWUhUURjHfREk6CEiJAgxiiQMWyBMUxJDWjAwaFPTSLCiosJMSRCxh8ogqIzC6sUWxQgMlMQ0DHHJJZcyHXVGZ3Guy+iMo87cmTt3rn2DUHpnUcegqfkffg/Oufeecz38POf7zhH1mUVB8cjigyFA8VA1e3yCAPAooCaAmgBATQA1AYCaAGoCADUBgJoAagIANT0FiV+I9tEr5aFUDAXU/JvoCko0Ofm/PtLX+uLysZv32aZODA7UXCm9q3dJfINd3+CwXrpxv8CayMXfNYHRvEYrj0hg237I95xYtOv+9RHGxo6Ry7cWVG7Yx7Z8H7mYCyO9XU3Dp0bXv/DCtnY5fHD6ffUsz6tPpSkiE+dQxZ6neXTo+NWl9GtTsL3bamCZ5Mz59X1rQ2c+1s8Kgjb/NaT0ajXJA1KESclyiLGhnW3+Zv+UOj6N7LH3WLDw8rCTi3Y6FHfJohrmx3WqIxcchwpPi6n9mar6fv9w0SXZlgOyzTFQ0wvUrKybqW5wdnWqtMo+cCQ5OCVD1ooiAcPnZm5Atchk6R+ue1JEBhvr22RbD7u4czTtrmAyj98pEL/Su0p9UTnUhJpiNaUBUeYeGalJkeWC+sBowcxpH7501hSt1BP3XvBaPY3ydFnNUt5NHioOWGkin7VaReEp1ISaQcqYs5yCobWYch3RnZrcx7QED+48Kt5O8g2m6FP/poyWb4osJwtLrZNTtF678aoUKtCzNGsi1oSaYjWNdV9NnRJa0MXZekAUmTdTUStelK/d5scmaFgtI+Oko3STLUakLN4NNeV746kRTqbsWxcGNaGmWM3eVdv71ux2cFvJB+u0YWBbrKh+cEccTXKUM82PSt1Qk0nK4CcmObmaGkSGDjWdpkEihlOzKf4bz3u+xB6XpaYs6CAFA9Q+29rlOm2CmlBz4S7S6RsCazLUtkj8Qv6smhRZUmAqGFmKULUPCl2fC0DN/3Nfc5Etd0f7mnP5Dc2UgoWnG+x3H91Wk0nOpJ8Hi3rUtktq5mjKtA9toaZ3nAbVNNm23JMyHGL80uHwNIgumbullJJPva1wdpLpVE2tXvesxKmaKVmUhlNGNZqeJ9qfgpre9W2rE65TmuL02ObYFebMgoNERWQip2BopDipQp2Y7kaPtpN3l3vm3rx2Q80VocnJHz6XjXGAmgBqQk0ANQGAmgBqAgA1AdQEAGoCADXBP6km/mY4Cv7NAArKMspPZgxh+qBTJZoAAAAASUVORK5CYII=}\n\tat sun.reflect.NativeConstructorAccessorImpl.newInstance0(Native Method)\n\tat sun.reflect.NativeConstructorAccessorImpl.newInstance(NativeConstructorAccessorImpl.java:62)\n\tat sun.reflect.DelegatingConstructorAccessorImpl.newInstance(DelegatingConstructorAccessorImpl.java:45)\n\tat java.lang.reflect.Constructor.newInstance(Constructor.java:423)\n\tat org.openqa.selenium.remote.http.W3CHttpResponseCodec.createException(W3CHttpResponseCodec.java:187)\n\tat org.openqa.selenium.remote.http.W3CHttpResponseCodec.decode(W3CHttpResponseCodec.java:122)\n\tat org.openqa.selenium.remote.http.W3CHttpResponseCodec.decode(W3CHttpResponseCodec.java:49)\n\tat org.openqa.selenium.remote.HttpCommandExecutor.execute(HttpCommandExecutor.java:158)\n\tat io.appium.java_client.remote.AppiumCommandExecutor.execute(AppiumCommandExecutor.java:247)\n\tat org.openqa.selenium.remote.RemoteWebDriver.execute(RemoteWebDriver.java:552)\n\tat io.appium.java_client.DefaultGenericMobileDriver.execute(DefaultGenericMobileDriver.java:41)\n\tat io.appium.java_client.AppiumDriver.execute(AppiumDriver.java:1)\n\tat org.openqa.selenium.remote.RemoteWebDriver.findElement(RemoteWebDriver.java:323)\n\tat io.appium.java_client.DefaultGenericMobileDriver.findElement(DefaultGenericMobileDriver.java:61)\n\tat io.appium.java_client.AppiumDriver.findElement(AppiumDriver.java:1)\n\tat io.appium.java_client.FindsByImage.findElementByImage(FindsByImage.java:42)\n\tat jp.shiftinc.automation.trial.TestMobileApp.imageSelectorTest(TestMobileApp.java:62)\n\tat sun.reflect.NativeMethodAccessorImpl.invoke0(Native Method)\n\tat sun.reflect.NativeMethodAccessorImpl.invoke(NativeMethodAccessorImpl.java:62)\n\tat sun.reflect.DelegatingMethodAccessorImpl.invoke(DelegatingMethodAccessorImpl.java:43)\n\tat java.lang.reflect.Method.invoke(Method.java:498)\n\tat org.junit.platform.commons.util.ReflectionUtils.invokeMethod(ReflectionUtils.java:688)\n\tat org.junit.jupiter.engine.execution.MethodInvocation.proceed(MethodInvocation.java:60)\n\tat org.junit.jupiter.engine.execution.InvocationInterceptorChain$ValidatingInvocation.proceed(InvocationInterceptorChain.java:131)\n\tat org.junit.jupiter.engine.extension.TimeoutExtension.intercept(TimeoutExtension.java:149)\n\tat org.junit.jupiter.engine.extension.TimeoutExtension.interceptTestableMethod(TimeoutExtension.java:140)\n\tat org.junit.jupiter.engine.extension.TimeoutExtension.interceptTestTemplateMethod(TimeoutExtension.java:92)\n\tat org.junit.jupiter.engine.execution.ExecutableInvoker$ReflectiveInterceptorCall.lambda$ofVoidMethod$0(ExecutableInvoker.java:115)\n\tat org.junit.jupiter.engine.execution.ExecutableInvoker.lambda$invoke$0(ExecutableInvoker.java:105)\n\tat org.junit.jupiter.engine.execution.InvocationInterceptorChain$InterceptedInvocation.proceed(InvocationInterceptorChain.java:106)\n\tat org.junit.jupiter.engine.execution.InvocationInterceptorChain.proceed(InvocationInterceptorChain.java:64)\n\tat org.junit.jupiter.engine.execution.InvocationInterceptorChain.chainAndInvoke(InvocationInterceptorChain.java:45)\n\tat org.junit.jupiter.engine.execution.InvocationInterceptorChain.invoke(InvocationInterceptorChain.java:37)\n\tat org.junit.jupiter.engine.execution.ExecutableInvoker.invoke(ExecutableInvoker.java:104)\n\tat org.junit.jupiter.engine.execution.ExecutableInvoker.invoke(ExecutableInvoker.java:98)\n\tat org.junit.jupiter.engine.descriptor.TestMethodTestDescriptor.lambda$invokeTestMethod$6(TestMethodTestDescriptor.java:210)\n\tat org.junit.platform.engine.support.hierarchical.ThrowableCollector.execute(ThrowableCollector.java:73)\n\tat org.junit.jupiter.engine.descriptor.TestMethodTestDescriptor.invokeTestMethod(TestMethodTestDescriptor.java:206)\n\tat org.junit.jupiter.engine.descriptor.TestMethodTestDescriptor.execute(TestMethodTestDescriptor.java:131)\n\tat org.junit.jupiter.engine.descriptor.TestMethodTestDescriptor.execute(TestMethodTestDescriptor.java:65)\n\tat org.junit.platform.engine.support.hierarchical.NodeTestTask.lambda$executeRecursively$5(NodeTestTask.java:139)\n\tat org.junit.platform.engine.support.hierarchical.ThrowableCollector.execute(ThrowableCollector.java:73)\n\tat org.junit.platform.engine.support.hierarchical.NodeTestTask.lambda$executeRecursively$7(NodeTestTask.java:129)\n\tat org.junit.platform.engine.support.hierarchical.Node.around(Node.java:137)\n\tat org.junit.platform.engine.support.hierarchical.NodeTestTask.lambda$executeRecursively$8(NodeTestTask.java:127)\n\tat org.junit.platform.engine.support.hierarchical.ThrowableCollector.execute(ThrowableCollector.java:73)\n\tat org.junit.platform.engine.support.hierarchical.NodeTestTask.executeRecursively(NodeTestTask.java:126)\n\tat org.junit.platform.engine.support.hierarchical.NodeTestTask.execute(NodeTestTask.java:84)\n\tat org.junit.platform.engine.support.hierarchical.SameThreadHierarchicalTestExecutorService.submit(SameThreadHierarchicalTestExecutorService.java:32)\n\tat org.junit.platform.engine.support.hierarchical.NodeTestTask$DefaultDynamicTestExecutor.execute(NodeTestTask.java:212)\n\tat org.junit.platform.engine.support.hierarchical.NodeTestTask$DefaultDynamicTestExecutor.execute(NodeTestTask.java:192)\n\tat org.junit.jupiter.engine.descriptor.TestTemplateTestDescriptor.execute(TestTemplateTestDescriptor.java:139)\n\tat org.junit.jupiter.engine.descriptor.TestTemplateTestDescriptor.lambda$execute$2(TestTemplateTestDescriptor.java:107)\n\tat java.util.stream.ForEachOps$ForEachOp$OfRef.accept(ForEachOps.java:183)\n\tat java.util.stream.ReferencePipeline$3$1.accept(ReferencePipeline.java:193)\n\tat java.util.stream.ReferencePipeline$2$1.accept(ReferencePipeline.java:175)\n\tat java.util.stream.ReferencePipeline$3$1.accept(ReferencePipeline.java:193)\n\tat java.util.stream.ForEachOps$ForEachOp$OfRef.accept(ForEachOps.java:183)\n\tat java.util.stream.ReferencePipeline$11$1.accept(ReferencePipeline.java:440)\n\tat java.util.stream.ReferencePipeline$3$1.accept(ReferencePipeline.java:193)\n\tat java.util.stream.ReferencePipeline$3$1.accept(ReferencePipeline.java:193)\n\tat java.util.stream.ReferencePipeline$3$1.accept(ReferencePipeline.java:193)\n\tat java.util.stream.ForEachOps$ForEachOp$OfRef.accept(ForEachOps.java:183)\n\tat java.util.stream.ReferencePipeline$3$1.accept(ReferencePipeline.java:193)\n\tat java.util.Spliterators$ArraySpliterator.forEachRemaining(Spliterators.java:948)\n\tat java.util.stream.ReferencePipeline$Head.forEach(ReferencePipeline.java:647)\n\tat java.util.stream.ReferencePipeline$7$1.accept(ReferencePipeline.java:272)\n\tat java.util.stream.ReferencePipeline$3$1.accept(ReferencePipeline.java:193)\n\tat java.util.stream.ReferencePipeline$3$1.accept(ReferencePipeline.java:193)\n\tat java.util.Spliterators$ArraySpliterator.forEachRemaining(Spliterators.java:948)\n\tat java.util.stream.AbstractPipeline.copyInto(AbstractPipeline.java:482)\n\tat java.util.stream.AbstractPipeline.wrapAndCopyInto(AbstractPipeline.java:472)\n\tat java.util.stream.ForEachOps$ForEachOp.evaluateSequential(ForEachOps.java:150)\n\tat java.util.stream.ForEachOps$ForEachOp$OfRef.evaluateSequential(ForEachOps.java:173)\n\tat java.util.stream.AbstractPipeline.evaluate(AbstractPipeline.java:234)\n\tat java.util.stream.ReferencePipeline.forEach(ReferencePipeline.java:485)\n\tat java.util.stream.ReferencePipeline$7$1.accept(ReferencePipeline.java:272)\n\tat java.util.stream.ReferencePipeline$3$1.accept(ReferencePipeline.java:193)\n\tat java.util.stream.ReferencePipeline$3$1.accept(ReferencePipeline.java:193)\n\tat java.util.stream.ReferencePipeline$3$1.accept(ReferencePipeline.java:193)\n\tat java.util.ArrayList$ArrayListSpliterator.forEachRemaining(ArrayList.java:1384)\n\tat java.util.stream.AbstractPipeline.copyInto(AbstractPipeline.java:482)\n\tat java.util.stream.AbstractPipeline.wrapAndCopyInto(AbstractPipeline.java:472)\n\tat java.util.stream.ForEachOps$ForEachOp.evaluateSequential(ForEachOps.java:150)\n\tat java.util.stream.ForEachOps$ForEachOp$OfRef.evaluateSequential(ForEachOps.java:173)\n\tat java.util.stream.AbstractPipeline.evaluate(AbstractPipeline.java:234)\n\tat java.util.stream.ReferencePipeline.forEach(ReferencePipeline.java:485)\n\tat java.util.stream.ReferencePipeline$7$1.accept(ReferencePipeline.java:272)\n\tat java.util.ArrayList$ArrayListSpliterator.forEachRemaining(ArrayList.java:1384)\n\tat java.util.stream.AbstractPipeline.copyInto(AbstractPipeline.java:482)\n\tat java.util.stream.AbstractPipeline.wrapAndCopyInto(AbstractPipeline.java:472)\n\tat java.util.stream.ForEachOps$ForEachOp.evaluateSequential(ForEachOps.java:150)\n\tat java.util.stream.ForEachOps$ForEachOp$OfRef.evaluateSequential(ForEachOps.java:173)\n\tat java.util.stream.AbstractPipeline.evaluate(AbstractPipeline.java:234)\n\tat java.util.stream.ReferencePipeline.forEach(ReferencePipeline.java:485)\n\tat org.junit.jupiter.engine.descriptor.TestTemplateTestDescriptor.execute(TestTemplateTestDescriptor.java:107)\n\tat org.junit.jupiter.engine.descriptor.TestTemplateTestDescriptor.execute(TestTemplateTestDescriptor.java:42)\n\tat org.junit.platform.engine.support.hierarchical.NodeTestTask.lambda$executeRecursively$5(NodeTestTask.java:139)\n\tat org.junit.platform.engine.support.hierarchical.ThrowableCollector.execute(ThrowableCollector.java:73)\n\tat org.junit.platform.engine.support.hierarchical.NodeTestTask.lambda$executeRecursively$7(NodeTestTask.java:129)\n\tat org.junit.platform.engine.support.hierarchical.Node.around(Node.java:137)\n\tat org.junit.platform.engine.support.hierarchical.NodeTestTask.lambda$executeRecursively$8(NodeTestTask.java:127)\n\tat org.junit.platform.engine.support.hierarchical.ThrowableCollector.execute(ThrowableCollector.java:73)\n\tat org.junit.platform.engine.support.hierarchical.NodeTestTask.executeRecursively(NodeTestTask.java:126)\n\tat org.junit.platform.engine.support.hierarchical.NodeTestTask.execute(NodeTestTask.java:84)\n\tat java.util.ArrayList.forEach(ArrayList.java:1259)\n\tat org.junit.platform.engine.support.hierarchical.SameThreadHierarchicalTestExecutorService.invokeAll(SameThreadHierarchicalTestExecutorService.java:38)\n\tat org.junit.platform.engine.support.hierarchical.NodeTestTask.lambda$executeRecursively$5(NodeTestTask.java:143)\n\tat org.junit.platform.engine.support.hierarchical.ThrowableCollector.execute(ThrowableCollector.java:73)\n\tat org.junit.platform.engine.support.hierarchical.NodeTestTask.lambda$executeRecursively$7(NodeTestTask.java:129)\n\tat org.junit.platform.engine.support.hierarchical.Node.around(Node.java:137)\n\tat org.junit.platform.engine.support.hierarchical.NodeTestTask.lambda$executeRecursively$8(NodeTestTask.java:127)\n\tat org.junit.platform.engine.support.hierarchical.ThrowableCollector.execute(ThrowableCollector.java:73)\n\tat org.junit.platform.engine.support.hierarchical.NodeTestTask.executeRecursively(NodeTestTask.java:126)\n\tat org.junit.platform.engine.support.hierarchical.NodeTestTask.execute(NodeTestTask.java:84)\n\tat java.util.ArrayList.forEach(ArrayList.java:1259)\n\tat org.junit.platform.engine.support.hierarchical.SameThreadHierarchicalTestExecutorService.invokeAll(SameThreadHierarchicalTestExecutorService.java:38)\n\tat org.junit.platform.engine.support.hierarchical.NodeTestTask.lambda$executeRecursively$5(NodeTestTask.java:143)\n\tat org.junit.platform.engine.support.hierarchical.ThrowableCollector.execute(ThrowableCollector.java:73)\n\tat org.junit.platform.engine.support.hierarchical.NodeTestTask.lambda$executeRecursively$7(NodeTestTask.java:129)\n\tat org.junit.platform.engine.support.hierarchical.Node.around(Node.java:137)\n\tat org.junit.platform.engine.support.hierarchical.NodeTestTask.lambda$executeRecursively$8(NodeTestTask.java:127)\n\tat org.junit.platform.engine.support.hierarchical.ThrowableCollector.execute(ThrowableCollector.java:73)\n\tat org.junit.platform.engine.support.hierarchical.NodeTestTask.executeRecursively(NodeTestTask.java:126)\n\tat org.junit.platform.engine.support.hierarchical.NodeTestTask.execute(NodeTestTask.java:84)\n\tat org.junit.platform.engine.support.hierarchical.SameThreadHierarchicalTestExecutorService.submit(SameThreadHierarchicalTestExecutorService.java:32)\n\tat org.junit.platform.engine.support.hierarchical.HierarchicalTestExecutor.execute(HierarchicalTestExecutor.java:57)\n\tat org.junit.platform.engine.support.hierarchical.HierarchicalTestEngine.execute(HierarchicalTestEngine.java:51)\n\tat org.junit.platform.launcher.core.EngineExecutionOrchestrator.execute(EngineExecutionOrchestrator.java:108)\n\tat org.junit.platform.launcher.core.EngineExecutionOrchestrator.execute(EngineExecutionOrchestrator.java:88)\n\tat org.junit.platform.launcher.core.EngineExecutionOrchestrator.lambda$execute$0(EngineExecutionOrchestrator.java:54)\n\tat org.junit.platform.launcher.core.EngineExecutionOrchestrator.withInterceptedStreams(EngineExecutionOrchestrator.java:67)\n\tat org.junit.platform.launcher.core.EngineExecutionOrchestrator.execute(EngineExecutionOrchestrator.java:52)\n\tat org.junit.platform.launcher.core.DefaultLauncher.execute(DefaultLauncher.java:96)\n\tat org.junit.platform.launcher.core.DefaultLauncher.execute(DefaultLauncher.java:75)\n\tat org.gradle.api.internal.tasks.testing.junitplatform.JUnitPlatformTestClassProcessor$CollectAllTestClassesExecutor.processAllTestClasses(JUnitPlatformTestClassProcessor.java:99)\n\tat org.gradle.api.internal.tasks.testing.junitplatform.JUnitPlatformTestClassProcessor$CollectAllTestClassesExecutor.access$000(JUnitPlatformTestClassProcessor.java:79)\n\tat org.gradle.api.internal.tasks.testing.junitplatform.JUnitPlatformTestClassProcessor.stop(JUnitPlatformTestClassProcessor.java:75)\n\tat org.gradle.api.internal.tasks.testing.SuiteTestClassProcessor.stop(SuiteTestClassProcessor.java:61)\n\tat sun.reflect.NativeMethodAccessorImpl.invoke0(Native Method)\n\tat sun.reflect.NativeMethodAccessorImpl.invoke(NativeMethodAccessorImpl.java:62)\n\tat sun.reflect.DelegatingMethodAccessorImpl.invoke(DelegatingMethodAccessorImpl.java:43)\n\tat java.lang.reflect.Method.invoke(Method.java:498)\n\tat org.gradle.internal.dispatch.ReflectionDispatch.dispatch(ReflectionDispatch.java:36)\n\tat org.gradle.internal.dispatch.ReflectionDispatch.dispatch(ReflectionDispatch.java:24)\n\tat org.gradle.internal.dispatch.ContextClassLoaderDispatch.dispatch(ContextClassLoaderDispatch.java:33)\n\tat org.gradle.internal.dispatch.ProxyDispatchAdapter$DispatchingInvocationHandler.invoke(ProxyDispatchAdapter.java:94)\n\tat com.sun.proxy.$Proxy2.stop(Unknown Source)\n\tat org.gradle.api.internal.tasks.testing.worker.TestWorker.stop(TestWorker.java:133)\n\tat sun.reflect.NativeMethodAccessorImpl.invoke0(Native Method)\n\tat sun.reflect.NativeMethodAccessorImpl.invoke(NativeMethodAccessorImpl.java:62)\n\tat sun.reflect.DelegatingMethodAccessorImpl.invoke(DelegatingMethodAccessorImpl.java:43)\n\tat java.lang.reflect.Method.invoke(Method.java:498)\n\tat org.gradle.internal.dispatch.ReflectionDispatch.dispatch(ReflectionDispatch.java:36)\n\tat org.gradle.internal.dispatch.ReflectionDispatch.dispatch(ReflectionDispatch.java:24)\n\tat org.gradle.internal.remote.internal.hub.MessageHubBackedObjectConnection$DispatchWrapper.dispatch(MessageHubBackedObjectConnection.java:182)\n\tat org.gradle.internal.remote.internal.hub.MessageHubBackedObjectConnection$DispatchWrapper.dispatch(MessageHubBackedObjectConnection.java:164)\n\tat org.gradle.internal.remote.internal.hub.MessageHub$Handler.run(MessageHub.java:414)\n\tat org.gradle.internal.concurrent.ExecutorPolicy$CatchAndRecordFailures.onExecute(ExecutorPolicy.java:64)\n\tat org.gradle.internal.concurrent.ManagedExecutorImpl$1.run(ManagedExecutorImpl.java:48)\n\tat java.util.concurrent.ThreadPoolExecutor.runWorker(ThreadPoolExecutor.java:1149)\n\tat java.util.concurrent.ThreadPoolExecutor$Worker.run(ThreadPoolExecutor.java:624)\n\tat org.gradle.internal.concurrent.ThreadFactoryImpl$ManagedThreadRunnable.run(ThreadFactoryImpl.java:56)\n\tat java.lang.Thread.run(Thread.java:748)\n",
      "steps" : [ ],
      "attachments" : [ ],
      "parameters" : [ {
        "name" : "osName",
        "value" : "android"
      } ],
      "stepsCount" : 0,
      "attachmentsCount" : 0,
      "shouldDisplayMessage" : true,
      "hasContent" : true
    } ],
    "attachments" : [ ],
    "parameters" : [ ],
    "stepsCount" : 1,
    "attachmentsCount" : 0,
    "shouldDisplayMessage" : false,
    "hasContent" : true
  },
  "afterStages" : [ ],
  "labels" : [ {
    "name" : "feature",
    "value" : "Appiumイメージセレクタテスト"
  }, {
    "name" : "host",
    "value" : "Mac-1618074638808.local"
  }, {
    "name" : "thread",
    "value" : "1577@Mac-1618074638808.local.Test worker(9)"
  }, {
    "name" : "framework",
    "value" : "junit-platform"
  }, {
    "name" : "language",
    "value" : "java"
  }, {
    "name" : "package",
    "value" : "jp.shiftinc.automation.trial.TestMobileApp"
  }, {
    "name" : "testClass",
    "value" : "jp.shiftinc.automation.trial.TestMobileApp"
  }, {
    "name" : "testMethod",
    "value" : "imageSelectorTest"
  }, {
    "name" : "suite",
    "value" : "jp.shiftinc.automation.trial.TestMobileApp"
  }, {
    "name" : "resultFormat",
    "value" : "allure2"
  } ],
  "parameters" : [ ],
  "links" : [ ],
  "hidden" : false,
  "retry" : false,
  "extra" : {
    "severity" : "normal",
    "retries" : [ ],
    "categories" : [ {
      "name" : "Test defects",
      "matchedStatuses" : [ ],
      "flaky" : false
    } ],
    "tags" : [ ]
  },
  "source" : "26e3a70410ec4e80.json",
  "parameterValues" : [ ]
}